[2022-07-07T22:35:43.581] [WARN] prod - Petición hecha a ruta inexistente: /ruta-mala, con el método GET
[2022-07-07T22:36:05.067] [WARN] prod - Petición hecha a ruta inexistente: /info-rota, con el método GET
[2022-07-07T22:36:18.082] [WARN] prod - Petición hecha a ruta inexistente: /infos, con el método GET
[2022-07-07T22:36:21.810] [WARN] prod - Petición hecha a ruta inexistente: /inf, con el método GET
[2022-07-07T22:45:32.165] [WARN] prod - Petición hecha a ruta inexistente: /signupn, con el método GET
[2022-07-07T22:51:17.877] [WARN] prod - Petición hecha a ruta inexistente: /logink, con el método GET
[2022-07-07T22:52:15.803] [WARN] prod - Petición hecha a ruta inexistente: /mala, con el método GET
[2022-07-07T22:53:30.020] [WARN] prod - Petición hecha a ruta inexistente: /infol, con el método GET

[2022-07-07T23:14:49.632] [ERROR] prod - Error en servidor Error: listen EADDRINUSE: address already in use :::8080
[2022-07-28T15:05:22.808] [ERROR] prod - usuario no logueado
[2022-07-28T15:05:29.736] [ERROR] prod - usuario no logueado
[2022-07-28T15:05:38.393] [ERROR] prod - usuario no logueado
[2022-07-28T16:08:46.064] [ERROR] prod - usuario no logueado
[2022-07-28T16:09:05.035] [ERROR] prod - usuario no logueado
[2022-07-28T16:09:21.332] [ERROR] prod - usuario no logueado
[2022-07-28T16:25:58.340] [ERROR] prod - usuario no logueado
[2022-07-28T16:27:05.217] [ERROR] prod - usuario no logueado
[2022-07-28T16:39:17.160] [WARN] prod - Petición hecha a ruta inexistente: /, con el método GET
[2022-07-28T16:41:27.958] [ERROR] prod - usuario no logueado
[2022-07-28T16:41:47.285] [WARN] prod - Petición hecha a ruta inexistente: /, con el método GET
[2022-07-28T17:06:57.380] [ERROR] prod - usuario no logueado
[2022-07-28T17:07:43.545] [ERROR] prod - usuario no logueado
[2022-07-28T17:07:55.796] [ERROR] prod - usuario no logueado
[2022-07-28T17:47:59.813] [WARN] prod - Petición hecha a ruta inexistente: /, con el método POST
[2022-07-28T17:49:49.493] [WARN] prod - Petición hecha a ruta inexistente: /, con el método POST
[2022-07-28T17:51:52.934] [WARN] prod - Petición hecha a ruta inexistente: /, con el método GET
[2022-07-28T17:51:53.315] [WARN] prod - Petición hecha a ruta inexistente: /, con el método GET
[2022-07-28T17:51:54.265] [WARN] prod - Petición hecha a ruta inexistente: /, con el método GET
[2022-07-28T17:51:58.628] [WARN] prod - Petición hecha a ruta inexistente: /, con el método POST
[2022-07-28T17:52:57.884] [WARN] prod - Petición hecha a ruta inexistente: /, con el método GET
[2022-07-28T19:10:39.152] [WARN] prod - Petición hecha a ruta inexistente: /, con el método GET
[2022-07-28T19:46:47.839] [WARN] prod - Petición hecha a ruta inexistente: /, con el método GET
[2022-07-28T20:22:05.228] [WARN] prod - Petición hecha a ruta inexistente: /, con el método GET
[2022-07-28T21:25:44.694] [ERROR] prod - usuario no logueado
[2022-07-28T21:28:02.624] [ERROR] prod - usuario no logueado
[2022-07-28T21:28:06.668] [WARN] prod - Petición hecha a ruta inexistente: /, con el método GET
[2022-07-28T21:28:15.434] [ERROR] prod - usuario no logueado
[2022-07-28T21:31:45.269] [ERROR] prod - usuario no logueado
[2022-07-28T21:35:22.313] [ERROR] prod - usuario no logueado
[2022-07-28T21:37:15.041] [ERROR] prod - usuario no logueado
[2022-07-28T21:40:41.815] [ERROR] prod - usuario no logueado
[2022-07-28T21:58:20.962] [ERROR] prod - usuario no logueado
[2022-07-28T21:58:29.484] [WARN] prod - Petición hecha a ruta inexistente: /, con el método GET
[2022-07-28T21:59:37.663] [ERROR] prod - usuario no logueado
[2022-07-28T22:15:29.307] [ERROR] prod - usuario no logueado
[2022-07-28T22:20:08.244] [ERROR] prod - usuario no logueado
[2022-07-28T22:20:43.795] [ERROR] prod - usuario no logueado
[2022-07-28T22:21:30.736] [ERROR] prod - usuario no logueado
[2022-07-28T22:21:43.830] [ERROR] prod - usuario no logueado
[2022-07-28T22:33:36.859] [ERROR] prod - usuario no logueado
[2022-07-28T22:34:08.481] [ERROR] prod - usuario no logueado
[2022-07-28T22:38:17.482] [ERROR] prod - usuario no logueado
[2022-07-28T22:53:21.550] [ERROR] prod - usuario no logueado
[2022-07-28T22:54:06.998] [ERROR] prod - usuario no logueado
[2022-07-28T22:54:52.400] [ERROR] prod - usuario no logueado
[2022-07-28T23:14:21.748] [ERROR] prod - usuario no logueado
[2022-07-28T23:19:01.088] [ERROR] prod - usuario no logueado
[2022-07-28T23:20:35.104] [ERROR] prod - usuario no logueado
