[2022-07-07T22:59:56.650] [ERROR] prod - No se pudo crear la tabla mensajes - Error: Access denied for user 'coder_studentk'@'localhost' (using password: YES)
    at Packet.asError (C:\Users\Luis Yaraure\Documents\CARRERA FULL STACK\CURSO BACK END\DESAFIO_CLASE32\node_modules\mysql2\lib\packets\packet.js:728:17)
    at ClientHandshake.execute (C:\Users\Luis Yaraure\Documents\CARRERA FULL STACK\CURSO BACK END\DESAFIO_CLASE32\node_modules\mysql2\lib\commands\command.js:29:26)
    at Connection.handlePacket (C:\Users\Luis Yaraure\Documents\CARRERA FULL STACK\CURSO BACK END\DESAFIO_CLASE32\node_modules\mysql2\lib\connection.js:456:32)
    at PacketParser.onPacket (C:\Users\Luis Yaraure\Documents\CARRERA FULL STACK\CURSO BACK END\DESAFIO_CLASE32\node_modules\mysql2\lib\connection.js:85:12)
    at PacketParser.executeStart (C:\Users\Luis Yaraure\Documents\CARRERA FULL STACK\CURSO BACK END\DESAFIO_CLASE32\node_modules\mysql2\lib\packet_parser.js:75:16)
    at Socket.<anonymous> (C:\Users\Luis Yaraure\Documents\CARRERA FULL STACK\CURSO BACK END\DESAFIO_CLASE32\node_modules\mysql2\lib\connection.js:92:25)
    at Socket.emit (node:events:390:28)
    at addChunk (node:internal/streams/readable:315:12)
    at readableAddChunk (node:internal/streams/readable:289:9)
    at Socket.Readable.push (node:internal/streams/readable:228:10) {
  code: 'ER_ACCESS_DENIED_ERROR',
  errno: 1045,
  sqlState: '28000',
  sqlMessage: "Access denied for user 'coder_studentk'@'localhost' (using password: YES)",
  sql: undefined
}
[2022-07-07T23:01:29.771] [ERROR] prod - No se pudo crear la tabla mensajes -  Error: Access denied for user 'coder_studentk'@'localhost' (using password: YES)
    at Packet.asError (C:\Users\Luis Yaraure\Documents\CARRERA FULL STACK\CURSO BACK END\DESAFIO_CLASE32\node_modules\mysql2\lib\packets\packet.js:728:17)
    at ClientHandshake.execute (C:\Users\Luis Yaraure\Documents\CARRERA FULL STACK\CURSO BACK END\DESAFIO_CLASE32\node_modules\mysql2\lib\commands\command.js:29:26)
    at Connection.handlePacket (C:\Users\Luis Yaraure\Documents\CARRERA FULL STACK\CURSO BACK END\DESAFIO_CLASE32\node_modules\mysql2\lib\connection.js:456:32)
    at PacketParser.onPacket (C:\Users\Luis Yaraure\Documents\CARRERA FULL STACK\CURSO BACK END\DESAFIO_CLASE32\node_modules\mysql2\lib\connection.js:85:12)
    at PacketParser.executeStart (C:\Users\Luis Yaraure\Documents\CARRERA FULL STACK\CURSO BACK END\DESAFIO_CLASE32\node_modules\mysql2\lib\packet_parser.js:75:16)
    at Socket.<anonymous> (C:\Users\Luis Yaraure\Documents\CARRERA FULL STACK\CURSO BACK END\DESAFIO_CLASE32\node_modules\mysql2\lib\connection.js:92:25)
    at Socket.emit (node:events:390:28)
    at addChunk (node:internal/streams/readable:315:12)
    at readableAddChunk (node:internal/streams/readable:289:9)
    at Socket.Readable.push (node:internal/streams/readable:228:10) {
  code: 'ER_ACCESS_DENIED_ERROR',
  errno: 1045,
  sqlState: '28000',
  sqlMessage: "Access denied for user 'coder_studentk'@'localhost' (using password: YES)",
  sql: undefined
}
[2022-07-07T23:14:49.632] [ERROR] prod - Error en servidor Error: listen EADDRINUSE: address already in use :::8080
